<?xml version="1.0" encoding="UTF-8"?>
<coverage generated="1443064272">
  <project timestamp="1443064272">
    <package name="Onfido">
      <file name="/Users/rubenrangel/Source/onfido/src/Onfido/Address.php">
        <class name="Address" namespace="Onfido">
          <metrics methods="24" coveredmethods="24" conditionals="0" coveredconditionals="0" statements="46" coveredstatements="46" elements="70" coveredelements="70"/>
        </class>
        <line num="19" type="method" name="getFlatNumber" crap="1" count="1"/>
        <line num="21" type="stmt" count="1"/>
        <line num="24" type="method" name="setFlatNumber" crap="1" count="3"/>
        <line num="26" type="stmt" count="3"/>
        <line num="27" type="stmt" count="3"/>
        <line num="29" type="method" name="getBuildingName" crap="1" count="1"/>
        <line num="31" type="stmt" count="1"/>
        <line num="34" type="method" name="setBuildingName" crap="1" count="1"/>
        <line num="36" type="stmt" count="1"/>
        <line num="37" type="stmt" count="1"/>
        <line num="39" type="method" name="getBuildingNumber" crap="1" count="1"/>
        <line num="41" type="stmt" count="1"/>
        <line num="44" type="method" name="setBuildingNumber" crap="1" count="5"/>
        <line num="46" type="stmt" count="5"/>
        <line num="47" type="stmt" count="5"/>
        <line num="49" type="method" name="getStreet" crap="1" count="1"/>
        <line num="51" type="stmt" count="1"/>
        <line num="54" type="method" name="setStreet" crap="1" count="5"/>
        <line num="56" type="stmt" count="5"/>
        <line num="57" type="stmt" count="5"/>
        <line num="59" type="method" name="getSubStreet" crap="1" count="1"/>
        <line num="61" type="stmt" count="1"/>
        <line num="64" type="method" name="setSubStreet" crap="1" count="3"/>
        <line num="66" type="stmt" count="3"/>
        <line num="67" type="stmt" count="3"/>
        <line num="69" type="method" name="getState" crap="1" count="1"/>
        <line num="71" type="stmt" count="1"/>
        <line num="74" type="method" name="setState" crap="1" count="5"/>
        <line num="76" type="stmt" count="5"/>
        <line num="77" type="stmt" count="5"/>
        <line num="79" type="method" name="getTown" crap="1" count="1"/>
        <line num="81" type="stmt" count="1"/>
        <line num="84" type="method" name="setTown" crap="1" count="5"/>
        <line num="86" type="stmt" count="5"/>
        <line num="87" type="stmt" count="5"/>
        <line num="89" type="method" name="getPostcode" crap="1" count="1"/>
        <line num="91" type="stmt" count="1"/>
        <line num="94" type="method" name="setPostcode" crap="1" count="5"/>
        <line num="96" type="stmt" count="5"/>
        <line num="97" type="stmt" count="5"/>
        <line num="99" type="method" name="getCountry" crap="1" count="1"/>
        <line num="101" type="stmt" count="1"/>
        <line num="104" type="method" name="setCountry" crap="1" count="3"/>
        <line num="106" type="stmt" count="3"/>
        <line num="107" type="stmt" count="3"/>
        <line num="109" type="method" name="getStartDate" crap="1" count="1"/>
        <line num="111" type="stmt" count="1"/>
        <line num="114" type="method" name="setStartDate" crap="1" count="5"/>
        <line num="116" type="stmt" count="5"/>
        <line num="117" type="stmt" count="5"/>
        <line num="119" type="method" name="getEndDate" crap="1" count="1"/>
        <line num="121" type="stmt" count="1"/>
        <line num="124" type="method" name="setEndDate" crap="1" count="3"/>
        <line num="126" type="stmt" count="3"/>
        <line num="127" type="stmt" count="3"/>
        <line num="129" type="method" name="jsonSerialize" crap="1" count="1"/>
        <line num="131" type="stmt" count="1"/>
        <line num="134" type="method" name="toArray" crap="1" count="2"/>
        <line num="137" type="stmt" count="2"/>
        <line num="138" type="stmt" count="2"/>
        <line num="139" type="stmt" count="2"/>
        <line num="140" type="stmt" count="2"/>
        <line num="141" type="stmt" count="2"/>
        <line num="142" type="stmt" count="2"/>
        <line num="143" type="stmt" count="2"/>
        <line num="144" type="stmt" count="2"/>
        <line num="145" type="stmt" count="2"/>
        <line num="146" type="stmt" count="2"/>
        <line num="147" type="stmt" count="2"/>
        <line num="148" type="stmt" count="2"/>
        <metrics loc="150" ncloc="146" classes="1" methods="24" coveredmethods="24" conditionals="0" coveredconditionals="0" statements="46" coveredstatements="46" elements="70" coveredelements="70"/>
      </file>
      <file name="/Users/rubenrangel/Source/onfido/src/Onfido/Applicant.php">
        <class name="Applicant" namespace="Onfido">
          <metrics methods="33" coveredmethods="30" conditionals="0" coveredconditionals="0" statements="87" coveredstatements="83" elements="120" coveredelements="113"/>
        </class>
        <line num="37" type="method" name="getId" crap="1" count="4"/>
        <line num="39" type="stmt" count="4"/>
        <line num="47" type="method" name="setId" crap="1" count="50"/>
        <line num="49" type="stmt" count="50"/>
        <line num="50" type="stmt" count="50"/>
        <line num="57" type="method" name="getCreatedAt" crap="1" count="4"/>
        <line num="59" type="stmt" count="4"/>
        <line num="67" type="method" name="setCreatedAt" crap="1" count="50"/>
        <line num="69" type="stmt" count="50"/>
        <line num="70" type="stmt" count="50"/>
        <line num="77" type="method" name="getHref" crap="1" count="2"/>
        <line num="79" type="stmt" count="2"/>
        <line num="87" type="method" name="setHref" crap="1" count="50"/>
        <line num="89" type="stmt" count="50"/>
        <line num="90" type="stmt" count="50"/>
        <line num="97" type="method" name="getTitle" crap="1" count="9"/>
        <line num="99" type="stmt" count="9"/>
        <line num="111" type="method" name="setTitle" crap="2" count="59"/>
        <line num="113" type="stmt" count="59"/>
        <line num="114" type="stmt" count="59"/>
        <line num="115" type="stmt" count="3"/>
        <line num="118" type="stmt" count="56"/>
        <line num="119" type="stmt" count="56"/>
        <line num="121" type="method" name="setFirstName" crap="1" count="52"/>
        <line num="123" type="stmt" count="52"/>
        <line num="124" type="stmt" count="52"/>
        <line num="126" type="method" name="getFirstName" crap="1" count="2"/>
        <line num="128" type="stmt" count="2"/>
        <line num="131" type="method" name="setMiddleName" crap="1" count="52"/>
        <line num="133" type="stmt" count="52"/>
        <line num="134" type="stmt" count="52"/>
        <line num="136" type="method" name="getMiddleName" crap="1" count="2"/>
        <line num="138" type="stmt" count="2"/>
        <line num="141" type="method" name="setLastName" crap="1" count="52"/>
        <line num="143" type="stmt" count="52"/>
        <line num="144" type="stmt" count="52"/>
        <line num="146" type="method" name="getLastName" crap="1" count="2"/>
        <line num="148" type="stmt" count="2"/>
        <line num="151" type="method" name="getEmail" crap="1" count="2"/>
        <line num="153" type="stmt" count="2"/>
        <line num="156" type="method" name="setEmail" crap="1" count="52"/>
        <line num="158" type="stmt" count="52"/>
        <line num="159" type="stmt" count="52"/>
        <line num="161" type="method" name="getGender" crap="1" count="10"/>
        <line num="163" type="stmt" count="10"/>
        <line num="175" type="method" name="setGender" crap="2" count="60"/>
        <line num="177" type="stmt" count="60"/>
        <line num="178" type="stmt" count="60"/>
        <line num="179" type="stmt" count="4"/>
        <line num="182" type="stmt" count="56"/>
        <line num="183" type="stmt" count="56"/>
        <line num="185" type="method" name="getDob" crap="1" count="2"/>
        <line num="187" type="stmt" count="2"/>
        <line num="195" type="method" name="setDob" crap="1" count="52"/>
        <line num="197" type="stmt" count="52"/>
        <line num="198" type="stmt" count="52"/>
        <line num="200" type="method" name="getTelephone" crap="1" count="10"/>
        <line num="202" type="stmt" count="10"/>
        <line num="205" type="method" name="setTelephone" crap="1" count="60"/>
        <line num="207" type="stmt" count="60"/>
        <line num="208" type="stmt" count="60"/>
        <line num="210" type="method" name="getMobile" crap="1" count="10"/>
        <line num="212" type="stmt" count="10"/>
        <line num="215" type="method" name="setMobile" crap="1" count="59"/>
        <line num="217" type="stmt" count="59"/>
        <line num="218" type="stmt" count="59"/>
        <line num="220" type="method" name="getCountry" crap="1" count="2"/>
        <line num="222" type="stmt" count="2"/>
        <line num="233" type="method" name="setCountry" crap="1" count="52"/>
        <line num="235" type="stmt" count="52"/>
        <line num="236" type="stmt" count="52"/>
        <line num="238" type="method" name="getIdNumbers" crap="2" count="0"/>
        <line num="240" type="stmt" count="0"/>
        <line num="243" type="method" name="setIdNumbers" crap="1" count="2"/>
        <line num="245" type="stmt" count="2"/>
        <line num="246" type="stmt" count="2"/>
        <line num="248" type="method" name="getAddresses" crap="2" count="0"/>
        <line num="250" type="stmt" count="0"/>
        <line num="253" type="method" name="addAddress" crap="1" count="4"/>
        <line num="255" type="stmt" count="4"/>
        <line num="256" type="stmt" count="4"/>
        <line num="258" type="method" name="setAddresses" crap="2" count="0"/>
        <line num="260" type="stmt" count="0"/>
        <line num="261" type="stmt" count="0"/>
        <line num="263" type="method" name="jsonSerialize" crap="1" count="1"/>
        <line num="266" type="stmt" count="1"/>
        <line num="267" type="stmt" count="1"/>
        <line num="268" type="stmt" count="1"/>
        <line num="269" type="stmt" count="1"/>
        <line num="270" type="stmt" count="1"/>
        <line num="271" type="stmt" count="1"/>
        <line num="272" type="stmt" count="1"/>
        <line num="273" type="stmt" count="1"/>
        <line num="274" type="stmt" count="1"/>
        <line num="275" type="stmt" count="1"/>
        <line num="276" type="stmt" count="1"/>
        <line num="277" type="stmt" count="1"/>
        <line num="278" type="stmt" count="1"/>
        <line num="279" type="stmt" count="1"/>
        <line num="280" type="stmt" count="1"/>
        <line num="288" type="method" name="toArray" crap="2" count="1"/>
        <line num="290" type="stmt" count="1"/>
        <line num="292" type="stmt" count="1"/>
        <line num="294" type="stmt" count="1"/>
        <line num="295" type="stmt" count="1"/>
        <line num="298" type="stmt" count="1"/>
        <line num="299" type="stmt" count="1"/>
        <line num="300" type="stmt" count="1"/>
        <line num="301" type="stmt" count="1"/>
        <line num="302" type="stmt" count="1"/>
        <line num="303" type="stmt" count="1"/>
        <line num="304" type="stmt" count="1"/>
        <line num="305" type="stmt" count="1"/>
        <line num="306" type="stmt" count="1"/>
        <line num="307" type="stmt" count="1"/>
        <line num="308" type="stmt" count="1"/>
        <line num="309" type="stmt" count="1"/>
        <line num="310" type="stmt" count="1"/>
        <line num="311" type="stmt" count="1"/>
        <line num="313" type="stmt" count="1"/>
        <metrics loc="314" ncloc="236" classes="1" methods="33" coveredmethods="30" conditionals="0" coveredconditionals="0" statements="87" coveredstatements="83" elements="120" coveredelements="113"/>
      </file>
      <file name="/Users/rubenrangel/Source/onfido/src/Onfido/Check.php">
        <class name="Check" namespace="Onfido">
          <metrics methods="9" coveredmethods="0" conditionals="0" coveredconditionals="0" statements="16" coveredstatements="0" elements="25" coveredelements="0"/>
        </class>
        <line num="15" type="method" name="__construct" crap="2" count="0"/>
        <line num="17" type="stmt" count="0"/>
        <line num="18" type="stmt" count="0"/>
        <line num="19" type="stmt" count="0"/>
        <line num="20" type="stmt" count="0"/>
        <line num="21" type="stmt" count="0"/>
        <line num="22" type="stmt" count="0"/>
        <line num="23" type="stmt" count="0"/>
        <line num="25" type="method" name="getId" crap="2" count="0"/>
        <line num="27" type="stmt" count="0"/>
        <line num="30" type="method" name="getCreatedAt" crap="2" count="0"/>
        <line num="32" type="stmt" count="0"/>
        <line num="35" type="method" name="getHref" crap="2" count="0"/>
        <line num="37" type="stmt" count="0"/>
        <line num="40" type="method" name="getType" crap="2" count="0"/>
        <line num="42" type="stmt" count="0"/>
        <line num="45" type="method" name="getStatus" crap="2" count="0"/>
        <line num="47" type="stmt" count="0"/>
        <line num="50" type="method" name="getResult" crap="2" count="0"/>
        <line num="52" type="stmt" count="0"/>
        <line num="55" type="method" name="getReports" crap="2" count="0"/>
        <line num="57" type="stmt" count="0"/>
        <line num="60" type="method" name="addReport" crap="2" count="0"/>
        <line num="62" type="stmt" count="0"/>
        <line num="63" type="stmt" count="0"/>
        <metrics loc="65" ncloc="65" classes="1" methods="9" coveredmethods="0" conditionals="0" coveredconditionals="0" statements="16" coveredstatements="0" elements="25" coveredelements="0"/>
      </file>
      <file name="/Users/rubenrangel/Source/onfido/src/Onfido/Client.php">
        <class name="Client" namespace="Onfido">
          <metrics methods="7" coveredmethods="3" conditionals="0" coveredconditionals="0" statements="142" coveredstatements="133" elements="149" coveredelements="136"/>
        </class>
        <line num="20" type="method" name="__construct" crap="1" count="72"/>
        <line num="22" type="stmt" count="72"/>
        <line num="24" type="stmt" count="72"/>
        <line num="25" type="stmt" count="72"/>
        <line num="27" type="stmt" count="72"/>
        <line num="28" type="stmt" count="72"/>
        <line num="40" type="method" name="createApplicant" crap="17.13" count="71"/>
        <line num="42" type="stmt" count="71"/>
        <line num="44" type="stmt" count="71"/>
        <line num="45" type="stmt" count="71"/>
        <line num="46" type="stmt" count="71"/>
        <line num="47" type="stmt" count="71"/>
        <line num="48" type="stmt" count="71"/>
        <line num="49" type="stmt" count="71"/>
        <line num="50" type="stmt" count="71"/>
        <line num="51" type="stmt" count="71"/>
        <line num="52" type="stmt" count="71"/>
        <line num="53" type="stmt" count="71"/>
        <line num="54" type="stmt" count="71"/>
        <line num="55" type="stmt" count="71"/>
        <line num="57" type="stmt" count="71"/>
        <line num="61" type="stmt" count="71"/>
        <line num="63" type="stmt" count="71"/>
        <line num="64" type="stmt" count="71"/>
        <line num="65" type="stmt" count="1"/>
        <line num="66" type="stmt" count="71"/>
        <line num="68" type="stmt" count="71"/>
        <line num="70" type="stmt" count="22"/>
        <line num="72" type="stmt" count="22"/>
        <line num="73" type="stmt" count="22"/>
        <line num="74" type="stmt" count="22"/>
        <line num="76" type="stmt" count="22"/>
        <line num="77" type="stmt" count="22"/>
        <line num="78" type="stmt" count="22"/>
        <line num="80" type="stmt" count="22"/>
        <line num="81" type="stmt" count="22"/>
        <line num="82" type="stmt" count="0"/>
        <line num="86" type="stmt" count="22"/>
        <line num="92" type="stmt" count="0"/>
        <line num="98" type="stmt" count="0"/>
        <line num="102" type="stmt" count="49"/>
        <line num="103" type="stmt" count="49"/>
        <line num="104" type="stmt" count="49"/>
        <line num="106" type="stmt" count="49"/>
        <line num="107" type="stmt" count="49"/>
        <line num="109" type="stmt" count="49"/>
        <line num="123" type="method" name="retrieveApplicant" crap="3.02" count="2"/>
        <line num="127" type="stmt" count="2"/>
        <line num="128" type="stmt" count="1"/>
        <line num="129" type="stmt" count="2"/>
        <line num="130" type="stmt" count="2"/>
        <line num="131" type="stmt" count="2"/>
        <line num="133" type="stmt" count="2"/>
        <line num="135" type="stmt" count="1"/>
        <line num="137" type="stmt" count="0"/>
        <line num="139" type="stmt" count="0"/>
        <line num="142" type="stmt" count="1"/>
        <line num="143" type="stmt" count="1"/>
        <line num="144" type="stmt" count="1"/>
        <line num="146" type="stmt" count="1"/>
        <line num="147" type="stmt" count="1"/>
        <line num="149" type="stmt" count="1"/>
        <line num="162" type="method" name="runIdentityCheck" crap="5.03" count="2"/>
        <line num="164" type="stmt" count="2"/>
        <line num="165" type="stmt" count="2"/>
        <line num="166" type="stmt" count="0"/>
        <line num="170" type="stmt" count="2"/>
        <line num="172" type="stmt" count="2"/>
        <line num="173" type="stmt" count="2"/>
        <line num="174" type="stmt" count="2"/>
        <line num="176" type="stmt" count="2"/>
        <line num="180" type="stmt" count="2"/>
        <line num="182" type="stmt" count="2"/>
        <line num="183" type="stmt" count="2"/>
        <line num="185" type="stmt" count="2"/>
        <line num="187" type="stmt" count="2"/>
        <line num="189" type="stmt" count="1"/>
        <line num="191" type="stmt" count="1"/>
        <line num="192" type="stmt" count="1"/>
        <line num="193" type="stmt" count="1"/>
        <line num="195" type="stmt" count="1"/>
        <line num="196" type="stmt" count="1"/>
        <line num="197" type="stmt" count="1"/>
        <line num="198" type="stmt" count="1"/>
        <line num="203" type="stmt" count="0"/>
        <line num="209" type="stmt" count="0"/>
        <line num="213" type="stmt" count="1"/>
        <line num="214" type="stmt" count="1"/>
        <line num="215" type="stmt" count="1"/>
        <line num="216" type="stmt" count="1"/>
        <line num="219" type="method" name="formatFieldErrors" crap="8" count="23"/>
        <line num="221" type="stmt" count="23"/>
        <line num="223" type="stmt" count="23"/>
        <line num="225" type="stmt" count="23"/>
        <line num="227" type="stmt" count="23"/>
        <line num="228" type="stmt" count="23"/>
        <line num="229" type="stmt" count="19"/>
        <line num="231" type="stmt" count="19"/>
        <line num="232" type="stmt" count="19"/>
        <line num="233" type="stmt" count="1"/>
        <line num="235" type="stmt" count="1"/>
        <line num="236" type="stmt" count="1"/>
        <line num="237" type="stmt" count="1"/>
        <line num="239" type="stmt" count="1"/>
        <line num="240" type="stmt" count="1"/>
        <line num="241" type="stmt" count="1"/>
        <line num="244" type="stmt" count="0"/>
        <line num="246" type="stmt" count="1"/>
        <line num="247" type="stmt" count="1"/>
        <line num="250" type="stmt" count="18"/>
        <line num="252" type="stmt" count="19"/>
        <line num="253" type="stmt" count="19"/>
        <line num="256" type="stmt" count="5"/>
        <line num="258" type="stmt" count="23"/>
        <line num="260" type="stmt" count="23"/>
        <line num="263" type="method" name="populateApplicantWithResponse" crap="3" count="49"/>
        <line num="265" type="stmt" count="49"/>
        <line num="266" type="stmt" count="49"/>
        <line num="268" type="stmt" count="49"/>
        <line num="269" type="stmt" count="49"/>
        <line num="270" type="stmt" count="49"/>
        <line num="271" type="stmt" count="49"/>
        <line num="272" type="stmt" count="49"/>
        <line num="273" type="stmt" count="49"/>
        <line num="274" type="stmt" count="49"/>
        <line num="275" type="stmt" count="49"/>
        <line num="276" type="stmt" count="49"/>
        <line num="277" type="stmt" count="49"/>
        <line num="280" type="stmt" count="49"/>
        <line num="281" type="stmt" count="49"/>
        <line num="282" type="stmt" count="2"/>
        <line num="284" type="stmt" count="2"/>
        <line num="286" type="stmt" count="2"/>
        <line num="287" type="stmt" count="2"/>
        <line num="288" type="stmt" count="2"/>
        <line num="289" type="stmt" count="2"/>
        <line num="290" type="stmt" count="2"/>
        <line num="291" type="stmt" count="2"/>
        <line num="292" type="stmt" count="2"/>
        <line num="293" type="stmt" count="2"/>
        <line num="294" type="stmt" count="2"/>
        <line num="295" type="stmt" count="2"/>
        <line num="297" type="stmt" count="2"/>
        <line num="298" type="stmt" count="2"/>
        <line num="299" type="stmt" count="2"/>
        <line num="300" type="stmt" count="49"/>
        <line num="311" type="method" name="cleanQuery" crap="1" count="71"/>
        <line num="313" type="stmt" count="71"/>
        <line num="314" type="stmt" count="71"/>
        <metrics loc="317" ncloc="269" classes="1" methods="7" coveredmethods="3" conditionals="0" coveredconditionals="0" statements="142" coveredstatements="133" elements="149" coveredelements="136"/>
      </file>
    </package>
    <package name="Onfido\Exception">
      <file name="/Users/rubenrangel/Source/onfido/src/Onfido/Exception/ApplicantNotFoundException.php">
        <class name="ApplicantNotFoundException" namespace="Onfido\Exception">
          <metrics methods="2" coveredmethods="1" conditionals="0" coveredconditionals="0" statements="4" coveredstatements="3" elements="6" coveredelements="4"/>
        </class>
        <line num="9" type="method" name="__construct" crap="1" count="1"/>
        <line num="11" type="stmt" count="1"/>
        <line num="12" type="stmt" count="1"/>
        <line num="13" type="stmt" count="1"/>
        <line num="15" type="method" name="getUserId" crap="2" count="0"/>
        <line num="17" type="stmt" count="0"/>
        <metrics loc="19" ncloc="19" classes="1" methods="2" coveredmethods="1" conditionals="0" coveredconditionals="0" statements="4" coveredstatements="3" elements="6" coveredelements="4"/>
      </file>
      <file name="/Users/rubenrangel/Source/onfido/src/Onfido/Exception/DuplicateApplicantCreationException.php">
        <class name="DuplicateApplicantCreationException" namespace="Onfido\Exception">
          <metrics methods="0" coveredmethods="0" conditionals="0" coveredconditionals="0" statements="0" coveredstatements="0" elements="0" coveredelements="0"/>
        </class>
        <metrics loc="8" ncloc="8" classes="1" methods="0" coveredmethods="0" conditionals="0" coveredconditionals="0" statements="0" coveredstatements="0" elements="0" coveredelements="0"/>
      </file>
      <file name="/Users/rubenrangel/Source/onfido/src/Onfido/Exception/InvalidRequestException.php">
        <class name="InvalidRequestException" namespace="Onfido\Exception">
          <metrics methods="2" coveredmethods="1" conditionals="0" coveredconditionals="0" statements="4" coveredstatements="3" elements="6" coveredelements="4"/>
        </class>
        <line num="9" type="method" name="__construct" crap="1" count="23"/>
        <line num="11" type="stmt" count="23"/>
        <line num="12" type="stmt" count="23"/>
        <line num="13" type="stmt" count="23"/>
        <line num="15" type="method" name="getFieldErrors" crap="2" count="0"/>
        <line num="17" type="stmt" count="0"/>
        <metrics loc="20" ncloc="20" classes="1" methods="2" coveredmethods="1" conditionals="0" coveredconditionals="0" statements="4" coveredstatements="3" elements="6" coveredelements="4"/>
      </file>
      <file name="/Users/rubenrangel/Source/onfido/src/Onfido/Exception/ModelRetrievalException.php">
        <class name="ModelRetrievalException" namespace="Onfido\Exception">
          <metrics methods="0" coveredmethods="0" conditionals="0" coveredconditionals="0" statements="0" coveredstatements="0" elements="0" coveredelements="0"/>
        </class>
        <metrics loc="8" ncloc="8" classes="1" methods="0" coveredmethods="0" conditionals="0" coveredconditionals="0" statements="0" coveredstatements="0" elements="0" coveredelements="0"/>
      </file>
    </package>
    <package name="Onfido\Report">
      <file name="/Users/rubenrangel/Source/onfido/src/Onfido/Report/BaseReport.php">
        <class name="BaseReport" namespace="Onfido\Report">
          <metrics methods="10" coveredmethods="3" conditionals="0" coveredconditionals="0" statements="17" coveredstatements="10" elements="27" coveredelements="13"/>
        </class>
        <line num="23" type="method" name="__construct" crap="1" count="2"/>
        <line num="25" type="stmt" count="2"/>
        <line num="26" type="stmt" count="2"/>
        <line num="27" type="stmt" count="2"/>
        <line num="28" type="stmt" count="2"/>
        <line num="29" type="stmt" count="2"/>
        <line num="30" type="stmt" count="2"/>
        <line num="36" type="method" name="getId" crap="2" count="0"/>
        <line num="38" type="stmt" count="0"/>
        <line num="45" type="method" name="getHref" crap="2" count="0"/>
        <line num="47" type="stmt" count="0"/>
        <line num="54" type="method" name="getName" crap="2" count="0"/>
        <line num="56" type="stmt" count="0"/>
        <line num="63" type="method" name="getCreatedAt" crap="2" count="0"/>
        <line num="65" type="stmt" count="0"/>
        <line num="72" type="method" name="getStatus" crap="2" count="0"/>
        <line num="74" type="stmt" count="0"/>
        <line num="81" type="method" name="setResult" crap="1" count="1"/>
        <line num="83" type="stmt" count="1"/>
        <line num="84" type="stmt" count="1"/>
        <line num="90" type="method" name="getResult" crap="2" count="0"/>
        <line num="92" type="stmt" count="0"/>
        <line num="99" type="method" name="setProperties" crap="1" count="1"/>
        <line num="101" type="stmt" count="1"/>
        <line num="102" type="stmt" count="1"/>
        <line num="108" type="method" name="getProperties" crap="2" count="0"/>
        <line num="110" type="stmt" count="0"/>
        <metrics loc="112" ncloc="68" classes="1" methods="10" coveredmethods="3" conditionals="0" coveredconditionals="0" statements="17" coveredstatements="10" elements="27" coveredelements="13"/>
      </file>
      <file name="/Users/rubenrangel/Source/onfido/src/Onfido/Report/IdentityReport.php">
        <class name="IdentityReport" namespace="Onfido\Report">
          <metrics methods="8" coveredmethods="3" conditionals="0" coveredconditionals="0" statements="12" coveredstatements="6" elements="20" coveredelements="9"/>
        </class>
        <line num="12" type="method" name="setAddressResult" crap="2" count="0"/>
        <line num="14" type="stmt" count="0"/>
        <line num="15" type="stmt" count="0"/>
        <line num="17" type="method" name="getAddressResult" crap="2" count="0"/>
        <line num="19" type="stmt" count="0"/>
        <line num="22" type="method" name="setDateOfBirthMatchResult" crap="1" count="1"/>
        <line num="24" type="stmt" count="1"/>
        <line num="25" type="stmt" count="1"/>
        <line num="27" type="method" name="getDateOfBirthMatchResult" crap="2" count="0"/>
        <line num="29" type="stmt" count="0"/>
        <line num="32" type="method" name="setMortalityResult" crap="1" count="1"/>
        <line num="34" type="stmt" count="1"/>
        <line num="35" type="stmt" count="1"/>
        <line num="37" type="method" name="getMortalityResult" crap="2" count="0"/>
        <line num="39" type="stmt" count="0"/>
        <line num="42" type="method" name="setSocialSecurityResult" crap="1" count="1"/>
        <line num="44" type="stmt" count="1"/>
        <line num="45" type="stmt" count="1"/>
        <line num="47" type="method" name="getSocialSecurityResult" crap="2" count="0"/>
        <line num="49" type="stmt" count="0"/>
        <metrics loc="51" ncloc="51" classes="1" methods="8" coveredmethods="3" conditionals="0" coveredconditionals="0" statements="12" coveredstatements="6" elements="20" coveredelements="9"/>
      </file>
      <file name="/Users/rubenrangel/Source/onfido/src/Onfido/Report/ReportFactory.php">
        <class name="ReportFactory" namespace="Onfido\Report">
          <metrics methods="2" coveredmethods="0" conditionals="0" coveredconditionals="0" statements="38" coveredstatements="33" elements="40" coveredelements="33"/>
        </class>
        <line num="21" type="method" name="createReport" crap="11.19" count="2"/>
        <line num="23" type="stmt" count="2"/>
        <line num="24" type="stmt" count="2"/>
        <line num="25" type="stmt" count="0"/>
        <line num="28" type="stmt" count="2"/>
        <line num="30" type="stmt" count="2"/>
        <line num="31" type="stmt" count="2"/>
        <line num="32" type="stmt" count="2"/>
        <line num="33" type="stmt" count="2"/>
        <line num="34" type="stmt" count="2"/>
        <line num="35" type="stmt" count="2"/>
        <line num="37" type="stmt" count="2"/>
        <line num="38" type="stmt" count="2"/>
        <line num="39" type="stmt" count="2"/>
        <line num="40" type="stmt" count="2"/>
        <line num="41" type="stmt" count="0"/>
        <line num="42" type="stmt" count="0"/>
        <line num="44" type="stmt" count="2"/>
        <line num="46" type="stmt" count="2"/>
        <line num="47" type="stmt" count="2"/>
        <line num="48" type="stmt" count="1"/>
        <line num="49" type="stmt" count="1"/>
        <line num="51" type="stmt" count="2"/>
        <line num="52" type="stmt" count="2"/>
        <line num="53" type="stmt" count="1"/>
        <line num="54" type="stmt" count="1"/>
        <line num="56" type="stmt" count="2"/>
        <line num="59" type="method" name="createIdentityReport" crap="3.04" count="2"/>
        <line num="61" type="stmt" count="2"/>
        <line num="63" type="stmt" count="2"/>
        <line num="64" type="stmt" count="2"/>
        <line num="65" type="stmt" count="1"/>
        <line num="66" type="stmt" count="1"/>
        <line num="67" type="stmt" count="1"/>
        <line num="69" type="stmt" count="1"/>
        <line num="70" type="stmt" count="1"/>
        <line num="71" type="stmt" count="0"/>
        <line num="72" type="stmt" count="0"/>
        <line num="73" type="stmt" count="1"/>
        <line num="75" type="stmt" count="2"/>
        <metrics loc="77" ncloc="65" classes="1" methods="2" coveredmethods="0" conditionals="0" coveredconditionals="0" statements="38" coveredstatements="33" elements="40" coveredelements="33"/>
      </file>
    </package>
    <metrics files="11" loc="1141" ncloc="955" classes="11" methods="97" coveredmethods="65" conditionals="0" coveredconditionals="0" statements="366" coveredstatements="317" elements="463" coveredelements="382"/>
  </project>
</coverage>
